<?xml version="1.0" encoding="UTF-8"?>
<!-- Generated by org.testng.reporters.JUnitReportReporter -->
<testsuite hostname="INSP15R-BASIL" name="www_voxox_comTNG.BusinessPage" tests="23" failures="0" timestamp="3 Jan 2014 17:10:43 GMT" time="220.967" errors="0">
  <testcase name="C21630" time="6.524" classname="www_voxox_comTNG.BusinessPage"/>
  <testcase name="C21631" time="5.393" classname="www_voxox_comTNG.BusinessPage"/>
  <testcase name="C21644" time="8.534" classname="www_voxox_comTNG.BusinessPage"/>
  <testcase name="C21629" time="9.933" classname="www_voxox_comTNG.BusinessPage"/>
  <testcase name="C21646" time="78.120" classname="www_voxox_comTNG.BusinessPage"/>
  <testcase name="C21639" time="7.241" classname="www_voxox_comTNG.BusinessPage"/>
  <testcase name="C21648" time="6.424" classname="www_voxox_comTNG.BusinessPage"/>
  <testcase name="C21642" time="8.080" classname="www_voxox_comTNG.BusinessPage"/>
  <testcase name="C21622" time="4.445" classname="www_voxox_comTNG.BusinessPage"/>
  <testcase name="C21647" time="6.588" classname="www_voxox_comTNG.BusinessPage"/>
  <testcase name="C21621" time="4.721" classname="www_voxox_comTNG.BusinessPage"/>
  <testcase name="C21640" time="4.557" classname="www_voxox_comTNG.BusinessPage"/>
  <testcase name="C21633" time="6.601" classname="www_voxox_comTNG.BusinessPage"/>
  <testcase name="C21632" time="4.454" classname="www_voxox_comTNG.BusinessPage"/>
  <testcase name="C21641" time="4.231" classname="www_voxox_comTNG.BusinessPage"/>
  <testcase name="C21635" time="5.761" classname="www_voxox_comTNG.BusinessPage"/>
  <testcase name="C21638" time="4.102" classname="www_voxox_comTNG.BusinessPage"/>
  <testcase name="C37920" time="4.533" classname="www_voxox_comTNG.BusinessPage"/>
  <testcase name="C21643" time="6.010" classname="www_voxox_comTNG.BusinessPage"/>
  <testcase name="C21637" time="4.941" classname="www_voxox_comTNG.BusinessPage"/>
  <testcase name="C21620" time="16.759" classname="www_voxox_comTNG.BusinessPage"/>
  <testcase name="C21636" time="6.637" classname="www_voxox_comTNG.BusinessPage"/>
  <testcase name="C21634" time="6.378" classname="www_voxox_comTNG.BusinessPage"/>
</testsuite> <!-- www_voxox_comTNG.BusinessPage -->
