<?xml version="1.0" encoding="UTF-8"?>
<!-- Generated by org.testng.reporters.JUnitReportReporter -->
<testsuite hostname="INSP15R-BASIL" name="www_voxox.CallingRates" tests="1" failures="0" timestamp="11 Feb 2014 07:52:18 GMT" time="11.484" errors="0">
  <testcase name="testUntitled8" time="11.484" classname="www_voxox.CallingRates"/>
</testsuite> <!-- www_voxox.CallingRates -->
