<?xml version="1.0" encoding="UTF-8"?>
<!-- Generated by org.testng.reporters.JUnitReportReporter -->
<testsuite hostname="INSP15R-BASIL" name="www_voxox.Outbound" tests="2" failures="0" timestamp="4 Feb 2014 23:18:03 GMT" time="16.473" errors="0">
  <testcase name="C38351" time="10.332" classname="www_voxox.Outbound"/>
  <testcase name="C38353" time="6.141" classname="www_voxox.Outbound"/>
</testsuite> <!-- www_voxox.Outbound -->
