<?xml version="1.0" encoding="UTF-8"?>
<!-- Generated by org.testng.reporters.JUnitReportReporter -->
<testsuite hostname="INSP15R-BASIL" name="www.voxox.comTNG.OperatorPartnerPage" tests="1" failures="0" timestamp="30 Dec 2013 23:01:37 GMT" time="10.969" errors="0">
  <testcase name="C37743" time="10.969" classname="www.voxox.comTNG.OperatorPartnerPage"/>
</testsuite> <!-- www.voxox.comTNG.OperatorPartnerPage -->
