<?xml version="1.0" encoding="UTF-8"?>
<!-- Generated by org.testng.reporters.JUnitReportReporter -->
<testsuite hostname="INSP15R-BASIL" name="www.voxox.comTNG.TourDropdown" tests="2" failures="0" timestamp="30 Dec 2013 19:05:30 GMT" time="31.731" errors="0">
  <testcase name="C38413" time="8.336" classname="www.voxox.comTNG.TourDropdown"/>
  <testcase name="C38412" time="23.395" classname="www.voxox.comTNG.TourDropdown"/>
</testsuite> <!-- www.voxox.comTNG.TourDropdown -->
