<?xml version="1.0" encoding="UTF-8"?>
<!-- Generated by org.testng.reporters.JUnitReportReporter -->
<testsuite hostname="INSP15R-BASIL" name="www_voxox.PersistentNavigation" tests="25" failures="0" timestamp="4 Feb 2014 23:18:03 GMT" time="159.284" errors="0">
  <testcase name="C39975" time="6.734" classname="www_voxox.PersistentNavigation"/>
  <testcase name="C38420" time="5.382" classname="www_voxox.PersistentNavigation"/>
  <testcase name="C39973" time="5.884" classname="www_voxox.PersistentNavigation"/>
  <testcase name="C39976" time="5.751" classname="www_voxox.PersistentNavigation"/>
  <testcase name="C39978" time="5.122" classname="www_voxox.PersistentNavigation"/>
  <testcase name="C39966" time="5.110" classname="www_voxox.PersistentNavigation"/>
  <testcase name="C39974" time="5.113" classname="www_voxox.PersistentNavigation"/>
  <testcase name="C39977" time="5.110" classname="www_voxox.PersistentNavigation"/>
  <testcase name="C39963" time="3.553" classname="www_voxox.PersistentNavigation"/>
  <testcase name="C39970" time="8.891" classname="www_voxox.PersistentNavigation"/>
  <testcase name="C38423" time="7.747" classname="www_voxox.PersistentNavigation"/>
  <testcase name="C39964" time="5.090" classname="www_voxox.PersistentNavigation"/>
  <testcase name="C38421" time="7.356" classname="www_voxox.PersistentNavigation"/>
  <testcase name="C38419" time="10.679" classname="www_voxox.PersistentNavigation"/>
  <testcase name="C38422" time="5.331" classname="www_voxox.PersistentNavigation"/>
  <testcase name="C39962" time="6.070" classname="www_voxox.PersistentNavigation"/>
  <testcase name="C39968" time="6.490" classname="www_voxox.PersistentNavigation"/>
  <testcase name="C39980" time="5.498" classname="www_voxox.PersistentNavigation"/>
  <testcase name="C39979" time="5.297" classname="www_voxox.PersistentNavigation"/>
  <testcase name="C39972" time="5.179" classname="www_voxox.PersistentNavigation"/>
  <testcase name="C39965" time="6.076" classname="www_voxox.PersistentNavigation"/>
  <testcase name="C39969" time="5.676" classname="www_voxox.PersistentNavigation"/>
  <testcase name="C39981" time="6.348" classname="www_voxox.PersistentNavigation"/>
  <testcase name="C39967" time="13.814" classname="www_voxox.PersistentNavigation"/>
  <testcase name="C39971" time="5.983" classname="www_voxox.PersistentNavigation"/>
</testsuite> <!-- www_voxox.PersistentNavigation -->
