<?xml version="1.0" encoding="UTF-8"?>
<!-- Generated by org.testng.reporters.JUnitReportReporter -->
<testsuite hostname="INSP15R-BASIL" name="www_voxox.SMSModal" tests="18" failures="0" timestamp="4 Feb 2014 23:18:03 GMT" time="84.100" errors="0">
  <testcase name="C38435" time="3.195" classname="www_voxox.SMSModal"/>
  <testcase name="C38436" time="2.603" classname="www_voxox.SMSModal"/>
  <testcase name="C38430" time="3.996" classname="www_voxox.SMSModal"/>
  <testcase name="C38431" time="2.960" classname="www_voxox.SMSModal"/>
  <testcase name="C38434" time="6.301" classname="www_voxox.SMSModal"/>
  <testcase name="C39988" time="4.330" classname="www_voxox.SMSModal"/>
  <testcase name="C40792" time="4.241" classname="www_voxox.SMSModal"/>
  <testcase name="C40790" time="6.613" classname="www_voxox.SMSModal"/>
  <testcase name="C38429" time="4.147" classname="www_voxox.SMSModal"/>
  <testcase name="C40791" time="4.873" classname="www_voxox.SMSModal"/>
  <testcase name="C38433" time="2.533" classname="www_voxox.SMSModal"/>
  <testcase name="C38432" time="2.559" classname="www_voxox.SMSModal"/>
  <testcase name="C38428" time="5.717" classname="www_voxox.SMSModal"/>
  <testcase name="C38427" time="10.132" classname="www_voxox.SMSModal"/>
  <testcase name="C40793" time="3.771" classname="www_voxox.SMSModal"/>
  <testcase name="C39982" time="6.897" classname="www_voxox.SMSModal"/>
  <testcase name="C39989" time="5.134" classname="www_voxox.SMSModal"/>
  <testcase name="C39990" time="4.098" classname="www_voxox.SMSModal"/>
</testsuite> <!-- www_voxox.SMSModal -->
