<?xml version="1.0" encoding="UTF-8"?>
<!-- Generated by org.testng.reporters.JUnitReportReporter -->
<testsuite hostname="INSP15R-BASIL" name="www_voxox_comTNG.BusinessDropDown" tests="7" failures="0" timestamp="3 Jan 2014 17:10:43 GMT" time="41.306" errors="0">
  <testcase name="testC37728" time="11.611" classname="www_voxox_comTNG.BusinessDropDown"/>
  <testcase name="testC37730" time="4.817" classname="www_voxox_comTNG.BusinessDropDown"/>
  <testcase name="testC37731" time="4.762" classname="www_voxox_comTNG.BusinessDropDown"/>
  <testcase name="testC37729" time="5.083" classname="www_voxox_comTNG.BusinessDropDown"/>
  <testcase name="testC37732" time="4.703" classname="www_voxox_comTNG.BusinessDropDown"/>
  <testcase name="testC38418" time="4.875" classname="www_voxox_comTNG.BusinessDropDown"/>
  <testcase name="testC38414" time="5.455" classname="www_voxox_comTNG.BusinessDropDown"/>
</testsuite> <!-- www_voxox_comTNG.BusinessDropDown -->
