<?xml version="1.0" encoding="UTF-8"?>
<!-- Generated by org.testng.reporters.JUnitReportReporter -->
<testsuite hostname="INSP15R-BASIL" name="www_voxox_comTNG.Header" tests="2" failures="0" timestamp="3 Jan 2014 17:10:43 GMT" time="14.618" errors="0">
  <testcase name="C21195" time="4.506" classname="www_voxox_comTNG.Header"/>
  <testcase name="C21189" time="10.112" classname="www_voxox_comTNG.Header"/>
</testsuite> <!-- www_voxox_comTNG.Header -->
