<?xml version="1.0" encoding="UTF-8"?>
<!-- Generated by org.testng.reporters.JUnitReportReporter -->
<testsuite hostname="INSP15R-BASIL" name="www_voxox.Press" tests="4" failures="0" timestamp="11 Feb 2014 00:12:45 GMT" time="38.078" errors="0">
  <testcase name="C37557" time="13.792" classname="www_voxox.Press"/>
  <testcase name="C37558" time="7.841" classname="www_voxox.Press"/>
  <testcase name="C37560" time="7.211" classname="www_voxox.Press"/>
  <testcase name="C37559" time="9.234" classname="www_voxox.Press"/>
</testsuite> <!-- www_voxox.Press -->
