<?xml version="1.0" encoding="UTF-8"?>
<!-- Generated by org.testng.reporters.JUnitReportReporter -->
<testsuite hostname="INSP15R-BASIL" name="www_voxox_comTNG.PartnersDropDown" tests="3" failures="0" timestamp="3 Jan 2014 17:10:43 GMT" time="25.034" errors="0">
  <testcase name="C38417" time="5.398" classname="www_voxox_comTNG.PartnersDropDown"/>
  <testcase name="C37727" time="6.040" classname="www_voxox_comTNG.PartnersDropDown"/>
  <testcase name="C37726" time="13.596" classname="www_voxox_comTNG.PartnersDropDown"/>
</testsuite> <!-- www_voxox_comTNG.PartnersDropDown -->
