<?xml version="1.0" encoding="UTF-8"?>
<!-- Generated by org.testng.reporters.JUnitReportReporter -->
<testsuite hostname="INSP15R-BASIL" name="www.voxox.comTNG.BusinessDropDown" tests="7" failures="0" timestamp="30 Dec 2013 19:05:30 GMT" time="45.371" errors="0">
  <testcase name="testC38414" time="5.172" classname="www.voxox.comTNG.BusinessDropDown"/>
  <testcase name="testC37728" time="14.349" classname="www.voxox.comTNG.BusinessDropDown"/>
  <testcase name="testC37731" time="4.957" classname="www.voxox.comTNG.BusinessDropDown"/>
  <testcase name="testC37730" time="4.974" classname="www.voxox.comTNG.BusinessDropDown"/>
  <testcase name="testC37729" time="5.922" classname="www.voxox.comTNG.BusinessDropDown"/>
  <testcase name="testC38418" time="4.676" classname="www.voxox.comTNG.BusinessDropDown"/>
  <testcase name="testC37732" time="5.321" classname="www.voxox.comTNG.BusinessDropDown"/>
</testsuite> <!-- www.voxox.comTNG.BusinessDropDown -->
