<?xml version="1.0" encoding="UTF-8"?>
<!-- Generated by org.testng.reporters.JUnitReportReporter -->
<testsuite hostname="INSP15R-BASIL" name="www_voxox.HostedPBX" tests="5" failures="0" timestamp="4 Feb 2014 23:18:03 GMT" time="37.079" errors="0">
  <testcase name="C37903" time="14.948" classname="www_voxox.HostedPBX"/>
  <testcase name="C37910" time="4.119" classname="www_voxox.HostedPBX"/>
  <testcase name="C37905" time="8.107" classname="www_voxox.HostedPBX"/>
  <testcase name="C37909" time="4.897" classname="www_voxox.HostedPBX"/>
  <testcase name="C37907" time="5.008" classname="www_voxox.HostedPBX"/>
</testsuite> <!-- www_voxox.HostedPBX -->
