<?xml version="1.0" encoding="UTF-8"?>
<!-- Generated by org.testng.reporters.JUnitReportReporter -->
<testsuite hostname="INSP15R-BASIL" name="www_voxox.PartnersDropDown" tests="3" failures="0" timestamp="4 Feb 2014 23:18:03 GMT" time="21.553" errors="0">
  <testcase name="C37726" time="10.679" classname="www_voxox.PartnersDropDown"/>
  <testcase name="C37727" time="5.429" classname="www_voxox.PartnersDropDown"/>
  <testcase name="C38417" time="5.445" classname="www_voxox.PartnersDropDown"/>
</testsuite> <!-- www_voxox.PartnersDropDown -->
