<?xml version="1.0" encoding="UTF-8"?>
<!-- Generated by org.testng.reporters.JUnitReportReporter -->
<testsuite hostname="INSP15R-BASIL" name="www_voxox_comTNG.ChannelPartnerForm" tests="3" failures="0" timestamp="3 Jan 2014 17:10:43 GMT" time="37.578" errors="0">
  <testcase name="C21616" time="9.311" classname="www_voxox_comTNG.ChannelPartnerForm"/>
  <testcase name="C21617" time="7.403" classname="www_voxox_comTNG.ChannelPartnerForm"/>
  <testcase name="C21615" time="20.864" classname="www_voxox_comTNG.ChannelPartnerForm"/>
</testsuite> <!-- www_voxox_comTNG.ChannelPartnerForm -->
