<?xml version="1.0" encoding="UTF-8"?>
<!-- Generated by org.testng.reporters.JUnitReportReporter -->
<testsuite hostname="INSP15R-BASIL" name="www_voxox.FairUse" tests="1" failures="0" timestamp="12 Feb 2014 19:17:39 GMT" time="12.006" errors="0">
  <testcase name="testUntitled17" time="12.006" classname="www_voxox.FairUse"/>
</testsuite> <!-- www_voxox.FairUse -->
