<?xml version="1.0" encoding="UTF-8"?>
<!-- Generated by org.testng.reporters.JUnitReportReporter -->
<testsuite hostname="INSP15R-BASIL" name="www_voxox_comTNG.OperatorPartnerPage" tests="6" failures="0" timestamp="3 Jan 2014 17:10:43 GMT" time="45.830" errors="0">
  <testcase name="C37738" time="13.628" classname="www_voxox_comTNG.OperatorPartnerPage"/>
  <testcase name="C37742" time="4.150" classname="www_voxox_comTNG.OperatorPartnerPage"/>
  <testcase name="C37740" time="3.522" classname="www_voxox_comTNG.OperatorPartnerPage"/>
  <testcase name="C37741" time="5.784" classname="www_voxox_comTNG.OperatorPartnerPage"/>
  <testcase name="C37737" time="10.544" classname="www_voxox_comTNG.OperatorPartnerPage"/>
  <testcase name="C37739" time="8.202" classname="www_voxox_comTNG.OperatorPartnerPage"/>
</testsuite> <!-- www_voxox_comTNG.OperatorPartnerPage -->
