<?xml version="1.0" encoding="UTF-8"?>
<!-- Generated by org.testng.reporters.JUnitReportReporter -->
<testsuite hostname="INSP15R-BASIL" name="www.voxox.comTNG.AboutPage" tests="6" failures="0" timestamp="30 Dec 2013 19:05:30 GMT" time="35.217" errors="0">
  <testcase name="C21318" time="4.609" classname="www.voxox.comTNG.AboutPage"/>
  <testcase name="C21317" time="4.444" classname="www.voxox.comTNG.AboutPage"/>
  <testcase name="C21316" time="14.551" classname="www.voxox.comTNG.AboutPage"/>
  <testcase name="C21319" time="6.515" classname="www.voxox.comTNG.AboutPage"/>
  <testcase name="C21320" time="5.097" classname="www.voxox.comTNG.AboutPage"/>
  <testcase name="C21315" time="0.001" classname="www.voxox.comTNG.AboutPage"/>
</testsuite> <!-- www.voxox.comTNG.AboutPage -->
