<?xml version="1.0" encoding="UTF-8"?>
<!-- Generated by org.testng.reporters.JUnitReportReporter -->
<testsuite hostname="INSP15R-BASIL" name="www_voxox_comTNG.MainPage" tests="24" failures="0" timestamp="3 Jan 2014 17:10:43 GMT" time="82.810" errors="0">
  <testcase name="C21203" time="2.326" classname="www_voxox_comTNG.MainPage"/>
  <testcase name="C42108" time="1.879" classname="www_voxox_comTNG.MainPage"/>
  <testcase name="C21278" time="2.130" classname="www_voxox_comTNG.MainPage"/>
  <testcase name="C21271" time="1.877" classname="www_voxox_comTNG.MainPage"/>
  <testcase name="C42106" time="2.007" classname="www_voxox_comTNG.MainPage"/>
  <testcase name="C21276" time="2.054" classname="www_voxox_comTNG.MainPage"/>
  <testcase name="C42111" time="2.097" classname="www_voxox_comTNG.MainPage"/>
  <testcase name="C42107" time="2.189" classname="www_voxox_comTNG.MainPage"/>
  <testcase name="C21205" time="4.298" classname="www_voxox_comTNG.MainPage"/>
  <testcase name="C42110" time="2.207" classname="www_voxox_comTNG.MainPage"/>
  <testcase name="C21279" time="2.446" classname="www_voxox_comTNG.MainPage"/>
  <testcase name="C42104" time="2.464" classname="www_voxox_comTNG.MainPage"/>
  <testcase name="C21277" time="1.942" classname="www_voxox_comTNG.MainPage"/>
  <testcase name="C21254" time="2.084" classname="www_voxox_comTNG.MainPage"/>
  <testcase name="C42109" time="4.700" classname="www_voxox_comTNG.MainPage"/>
  <testcase name="C21196" time="15.755" classname="www_voxox_comTNG.MainPage"/>
  <testcase name="C21274" time="2.295" classname="www_voxox_comTNG.MainPage"/>
  <testcase name="C42105" time="4.685" classname="www_voxox_comTNG.MainPage"/>
  <testcase name="C21253" time="4.172" classname="www_voxox_comTNG.MainPage"/>
  <testcase name="C21275" time="1.985" classname="www_voxox_comTNG.MainPage"/>
  <testcase name="C21202" time="2.849" classname="www_voxox_comTNG.MainPage"/>
  <testcase name="C21204" time="4.873" classname="www_voxox_comTNG.MainPage"/>
  <testcase name="C21273" time="2.381" classname="www_voxox_comTNG.MainPage"/>
  <testcase name="C21272" time="7.115" classname="www_voxox_comTNG.MainPage"/>
</testsuite> <!-- www_voxox_comTNG.MainPage -->
