<?xml version="1.0" encoding="UTF-8"?>
<!-- Generated by org.testng.reporters.JUnitReportReporter -->
<testsuite hostname="INSP15R-BASIL" name="www_voxox.InboundRatesTable" tests="1" failures="0" timestamp="8 Jan 2014 01:10:05 GMT" time="16.077" errors="0">
  <testcase name="C38368" time="16.077" classname="www_voxox.InboundRatesTable"/>
</testsuite> <!-- www_voxox.InboundRatesTable -->
