<?xml version="1.0" encoding="UTF-8"?>
<!-- Generated by org.testng.reporters.JUnitReportReporter -->
<testsuite hostname="INSP15R-BASIL" name="www_voxox.TourDropdown" tests="2" failures="0" timestamp="4 Feb 2014 23:18:03 GMT" time="16.157" errors="0">
  <testcase name="C38412" time="10.422" classname="www_voxox.TourDropdown"/>
  <testcase name="C38413" time="5.735" classname="www_voxox.TourDropdown"/>
</testsuite> <!-- www_voxox.TourDropdown -->
