<?xml version="1.0" encoding="UTF-8"?>
<!-- Generated by org.testng.reporters.JUnitReportReporter -->
<testsuite hostname="INSP15R-BASIL" name="www.voxox.comTNG.AboutDropDown" tests="6" failures="0" timestamp="30 Dec 2013 19:05:30 GMT" time="80.906" errors="0">
  <testcase name="C37720" time="29.910" classname="www.voxox.comTNG.AboutDropDown"/>
  <testcase name="C37719" time="5.396" classname="www.voxox.comTNG.AboutDropDown"/>
  <testcase name="testC37722" time="14.501" classname="www.voxox.comTNG.AboutDropDown"/>
  <testcase name="testC37721" time="8.444" classname="www.voxox.comTNG.AboutDropDown"/>
  <testcase name="C38415" time="5.843" classname="www.voxox.comTNG.AboutDropDown"/>
  <testcase name="C37718" time="16.812" classname="www.voxox.comTNG.AboutDropDown"/>
</testsuite> <!-- www.voxox.comTNG.AboutDropDown -->
