<?xml version="1.0" encoding="UTF-8"?>
<!-- Generated by org.testng.reporters.JUnitReportReporter -->
<testsuite hostname="INSP15R-BASIL" name="www.voxox.comTNG.SMSModal" tests="18" failures="0" timestamp="30 Dec 2013 19:05:30 GMT" time="106.918" errors="0">
  <testcase name="C38433" time="2.532" classname="www.voxox.comTNG.SMSModal"/>
  <testcase name="C38430" time="4.586" classname="www.voxox.comTNG.SMSModal"/>
  <testcase name="C38436" time="2.492" classname="www.voxox.comTNG.SMSModal"/>
  <testcase name="C39989" time="5.027" classname="www.voxox.comTNG.SMSModal"/>
  <testcase name="C38427" time="30.182" classname="www.voxox.comTNG.SMSModal"/>
  <testcase name="C39990" time="3.792" classname="www.voxox.comTNG.SMSModal"/>
  <testcase name="C38429" time="4.392" classname="www.voxox.comTNG.SMSModal"/>
  <testcase name="C38435" time="3.144" classname="www.voxox.comTNG.SMSModal"/>
  <testcase name="C39982" time="7.403" classname="www.voxox.comTNG.SMSModal"/>
  <testcase name="C38432" time="2.696" classname="www.voxox.comTNG.SMSModal"/>
  <testcase name="C40790" time="6.805" classname="www.voxox.comTNG.SMSModal"/>
  <testcase name="C40792" time="3.775" classname="www.voxox.comTNG.SMSModal"/>
  <testcase name="C40791" time="6.454" classname="www.voxox.comTNG.SMSModal"/>
  <testcase name="C38434" time="6.372" classname="www.voxox.comTNG.SMSModal"/>
  <testcase name="C39988" time="4.407" classname="www.voxox.comTNG.SMSModal"/>
  <testcase name="C40793" time="4.194" classname="www.voxox.comTNG.SMSModal"/>
  <testcase name="C38428" time="5.693" classname="www.voxox.comTNG.SMSModal"/>
  <testcase name="C38431" time="2.972" classname="www.voxox.comTNG.SMSModal"/>
</testsuite> <!-- www.voxox.comTNG.SMSModal -->
