<?xml version="1.0" encoding="UTF-8"?>
<!-- Generated by org.testng.reporters.JUnitReportReporter -->
<testsuite hostname="INSP15R-BASIL" name="www.voxox.comTNG.MainPage" tests="24" failures="0" timestamp="30 Dec 2013 19:05:30 GMT" time="81.728" errors="0">
  <testcase name="C42109" time="5.471" classname="www.voxox.comTNG.MainPage"/>
  <testcase name="C21272" time="6.317" classname="www.voxox.comTNG.MainPage"/>
  <testcase name="C21278" time="2.587" classname="www.voxox.comTNG.MainPage"/>
  <testcase name="C21205" time="2.143" classname="www.voxox.comTNG.MainPage"/>
  <testcase name="C21203" time="2.209" classname="www.voxox.comTNG.MainPage"/>
  <testcase name="C21277" time="2.579" classname="www.voxox.comTNG.MainPage"/>
  <testcase name="C42110" time="2.422" classname="www.voxox.comTNG.MainPage"/>
  <testcase name="C21273" time="4.914" classname="www.voxox.comTNG.MainPage"/>
  <testcase name="C21202" time="2.313" classname="www.voxox.comTNG.MainPage"/>
  <testcase name="C21204" time="3.383" classname="www.voxox.comTNG.MainPage"/>
  <testcase name="C42111" time="2.469" classname="www.voxox.comTNG.MainPage"/>
  <testcase name="C21275" time="2.233" classname="www.voxox.comTNG.MainPage"/>
  <testcase name="C42106" time="2.112" classname="www.voxox.comTNG.MainPage"/>
  <testcase name="C21271" time="2.559" classname="www.voxox.comTNG.MainPage"/>
  <testcase name="C42108" time="2.500" classname="www.voxox.comTNG.MainPage"/>
  <testcase name="C42105" time="8.402" classname="www.voxox.comTNG.MainPage"/>
  <testcase name="C42107" time="2.521" classname="www.voxox.comTNG.MainPage"/>
  <testcase name="C21276" time="2.190" classname="www.voxox.comTNG.MainPage"/>
  <testcase name="C21253" time="2.016" classname="www.voxox.comTNG.MainPage"/>
  <testcase name="C21279" time="2.328" classname="www.voxox.comTNG.MainPage"/>
  <testcase name="C21274" time="1.974" classname="www.voxox.comTNG.MainPage"/>
  <testcase name="C21196" time="11.881" classname="www.voxox.comTNG.MainPage"/>
  <testcase name="C21254" time="2.229" classname="www.voxox.comTNG.MainPage"/>
  <testcase name="C42104" time="1.976" classname="www.voxox.comTNG.MainPage"/>
</testsuite> <!-- www.voxox.comTNG.MainPage -->
