<?xml version="1.0" encoding="UTF-8"?>
<!-- Generated by org.testng.reporters.JUnitReportReporter -->
<testsuite hostname="INSP15R-BASIL" name="www_voxox.OutboundSideInformation" tests="1" failures="0" timestamp="8 Jan 2014 00:32:55 GMT" time="13.329" errors="0">
  <testcase name="C38365" time="13.329" classname="www_voxox.OutboundSideInformation"/>
</testsuite> <!-- www_voxox.OutboundSideInformation -->
