<?xml version="1.0" encoding="UTF-8"?>
<!-- Generated by org.testng.reporters.JUnitReportReporter -->
<testsuite hostname="INSP15R-BASIL" name="www.voxox.comTNG.ChannelPartnersPage" tests="1" failures="0" timestamp="30 Dec 2013 19:05:30 GMT" time="15.528" errors="0">
  <testcase name="C21610" time="15.528" classname="www.voxox.comTNG.ChannelPartnersPage"/>
</testsuite> <!-- www.voxox.comTNG.ChannelPartnersPage -->
