<?xml version="1.0" encoding="UTF-8"?>
<!-- Generated by org.testng.reporters.JUnitReportReporter -->
<testsuite hostname="INSP15R-BASIL" name="www_voxox.AboutDropDown" tests="6" failures="0" timestamp="4 Feb 2014 23:18:03 GMT" time="40.908" errors="0">
  <testcase name="C38415" time="5.339" classname="www_voxox.AboutDropDown"/>
  <testcase name="C37719" time="4.179" classname="www_voxox.AboutDropDown"/>
  <testcase name="testC37721" time="4.347" classname="www_voxox.AboutDropDown"/>
  <testcase name="testC37722" time="5.186" classname="www_voxox.AboutDropDown"/>
  <testcase name="C37720" time="11.837" classname="www_voxox.AboutDropDown"/>
  <testcase name="C37718" time="10.020" classname="www_voxox.AboutDropDown"/>
</testsuite> <!-- www_voxox.AboutDropDown -->
