<?xml version="1.0" encoding="UTF-8"?>
<!-- Generated by org.testng.reporters.JUnitReportReporter -->
<testsuite hostname="INSP15R-BASIL" name="www_voxox.RatesTable" tests="1" failures="0" timestamp="11 Feb 2014 23:37:40 GMT" time="15.601" errors="0">
  <testcase name="C39243" time="15.601" classname="www_voxox.RatesTable"/>
</testsuite> <!-- www_voxox.RatesTable -->
