<?xml version="1.0" encoding="UTF-8"?>
<!-- Generated by org.testng.reporters.JUnitReportReporter -->
<testsuite hostname="INSP15R-BASIL" name="www_voxox.ContactUsPage" tests="1" failures="0" timestamp="10 Feb 2014 23:03:01 GMT" time="13.150" errors="0">
  <testcase name="C37541" time="13.150" classname="www_voxox.ContactUsPage"/>
</testsuite> <!-- www_voxox.ContactUsPage -->
