<?xml version="1.0" encoding="UTF-8"?>
<!-- Generated by org.testng.reporters.JUnitReportReporter -->
<testsuite hostname="INSP15R-BASIL" name="www_voxox.CarrierAndWholesale" tests="3" failures="0" timestamp="4 Feb 2014 23:18:03 GMT" time="25.974" errors="0">
  <testcase name="C37915" time="13.110" classname="www_voxox.CarrierAndWholesale"/>
  <testcase name="C37919" time="4.770" classname="www_voxox.CarrierAndWholesale"/>
  <testcase name="C37917" time="8.094" classname="www_voxox.CarrierAndWholesale"/>
</testsuite> <!-- www_voxox.CarrierAndWholesale -->
