<?xml version="1.0" encoding="UTF-8"?>
<!-- Generated by org.testng.reporters.JUnitReportReporter -->
<testsuite hostname="INSP15R-BASIL" name="www.voxox.comTNG.voxox" tests="3" failures="0" timestamp="30 Dec 2013 01:15:05 GMT" time="0.012" errors="0">
  <testcase name="f" time="0.001" classname="www.voxox.comTNG.voxox"/>
  <testcase name="f" time="0.011" classname="www.voxox.comTNG.voxox"/>
  <testcase name="f" time="0.000" classname="www.voxox.comTNG.voxox"/>
</testsuite> <!-- www.voxox.comTNG.voxox -->
