<?xml version="1.0" encoding="UTF-8"?>
<!-- Generated by org.testng.reporters.JUnitReportReporter -->
<testsuite hostname="INSP15R-BASIL" name="www_voxox.SideInformation" tests="2" failures="0" timestamp="11 Feb 2014 23:57:18 GMT" time="27.307" errors="0">
  <testcase name="C39247" time="11.609" classname="www_voxox.SideInformation"/>
  <testcase name="C39248" time="15.698" classname="www_voxox.SideInformation"/>
</testsuite> <!-- www_voxox.SideInformation -->
