<?xml version="1.0" encoding="UTF-8"?>
<!-- Generated by org.testng.reporters.JUnitReportReporter -->
<testsuite hostname="INSP15R-BASIL" name="www_voxox_comTNG.ChannelPartnersPage" tests="1" failures="0" timestamp="3 Jan 2014 17:10:43 GMT" time="17.218" errors="0">
  <testcase name="C21610" time="17.218" classname="www_voxox_comTNG.ChannelPartnersPage"/>
</testsuite> <!-- www_voxox_comTNG.ChannelPartnersPage -->
