<?xml version="1.0" encoding="UTF-8"?>
<!-- Generated by org.testng.reporters.JUnitReportReporter -->
<testsuite hostname="INSP15R-BASIL" name="www_voxox.ChannelPartnersPage" tests="1" failures="0" timestamp="4 Feb 2014 23:18:03 GMT" time="12.707" errors="0">
  <testcase name="C21610" time="12.707" classname="www_voxox.ChannelPartnersPage"/>
</testsuite> <!-- www_voxox.ChannelPartnersPage -->
