<?xml version="1.0" encoding="UTF-8"?>
<!-- Generated by org.testng.reporters.JUnitReportReporter -->
<testsuite hostname="INSP15R-BASIL" name="www_voxox.IOSGuide" tests="1" failures="0" timestamp="12 Feb 2014 00:34:05 GMT" time="7.372" errors="0">
  <testcase name="testUntitled14" time="7.372" classname="www_voxox.IOSGuide"/>
</testsuite> <!-- www_voxox.IOSGuide -->
