<?xml version="1.0" encoding="UTF-8"?>
<!-- Generated by org.testng.reporters.JUnitReportReporter -->
<testsuite hostname="INSP15R-BASIL" name="www_voxox.News" tests="4" failures="0" timestamp="10 Feb 2014 23:57:52 GMT" time="37.821" errors="0">
  <testcase name="C37558" time="9.201" classname="www_voxox.News"/>
  <testcase name="C37560" time="6.806" classname="www_voxox.News"/>
  <testcase name="C37559" time="9.007" classname="www_voxox.News"/>
  <testcase name="C37557" time="12.807" classname="www_voxox.News"/>
</testsuite> <!-- www_voxox.News -->
