<?xml version="1.0" encoding="UTF-8"?>
<!-- Generated by org.testng.reporters.JUnitReportReporter -->
<testsuite hostname="INSP15R-BASIL" name="www_voxox.HelpPage" tests="1" failures="0" timestamp="4 Feb 2014 23:18:03 GMT" time="0.000" errors="0">
  <testcase name="f" time="0.000" classname="www_voxox.HelpPage"/>
</testsuite> <!-- www_voxox.HelpPage -->
