<?xml version="1.0" encoding="UTF-8"?>
<!-- Generated by org.testng.reporters.JUnitReportReporter -->
<testsuite hostname="INSP15R-BASIL" name="www_voxox.BusinessPage" tests="1" failures="0" timestamp="11 Feb 2014 07:38:13 GMT" time="13.990" errors="0">
  <testcase name="C21620" time="13.990" classname="www_voxox.BusinessPage"/>
</testsuite> <!-- www_voxox.BusinessPage -->
