<?xml version="1.0" encoding="UTF-8"?>
<!-- Generated by org.testng.reporters.JUnitReportReporter -->
<testsuite hostname="INSP15R-BASIL" name="www_voxox.PrivacyPolicy" tests="1" failures="0" timestamp="12 Feb 2014 19:13:14 GMT" time="13.596" errors="0">
  <testcase name="testUntitled16" time="13.596" classname="www_voxox.PrivacyPolicy"/>
</testsuite> <!-- www_voxox.PrivacyPolicy -->
