<?xml version="1.0" encoding="UTF-8"?>
<!-- Generated by org.testng.reporters.JUnitReportReporter -->
<testsuite hostname="INSP15R-BASIL" name="www_voxox.Header" tests="2" failures="0" timestamp="4 Feb 2014 23:18:03 GMT" time="13.503" errors="0">
  <testcase name="C21189" time="9.579" classname="www_voxox.Header"/>
  <testcase name="C21195" time="3.924" classname="www_voxox.Header"/>
</testsuite> <!-- www_voxox.Header -->
