<?xml version="1.0" encoding="UTF-8"?>
<!-- Generated by org.testng.reporters.JUnitReportReporter -->
<testsuite hostname="INSP15R-BASIL" name="www_voxox.AboutPage" tests="6" failures="0" timestamp="4 Feb 2014 23:18:03 GMT" time="35.551" errors="0">
  <testcase name="C21317" time="4.497" classname="www_voxox.AboutPage"/>
  <testcase name="C21318" time="4.720" classname="www_voxox.AboutPage"/>
  <testcase name="C21316" time="4.394" classname="www_voxox.AboutPage"/>
  <testcase name="C21315" time="13.420" classname="www_voxox.AboutPage"/>
  <testcase name="C21319" time="4.246" classname="www_voxox.AboutPage"/>
  <testcase name="C21320" time="4.274" classname="www_voxox.AboutPage"/>
</testsuite> <!-- www_voxox.AboutPage -->
