<?xml version="1.0" encoding="UTF-8"?>
<!-- Generated by org.testng.reporters.JUnitReportReporter -->
<testsuite hostname="INSP15R-BASIL" name="www_voxox.SIPTrunks" tests="1" failures="0" timestamp="4 Feb 2014 23:18:03 GMT" time="14.943" errors="0">
  <testcase name="C21649" time="14.943" classname="www_voxox.SIPTrunks"/>
</testsuite> <!-- www_voxox.SIPTrunks -->
