<?xml version="1.0" encoding="UTF-8"?>
<!-- Generated by org.testng.reporters.JUnitReportReporter -->
<testsuite hostname="INSP15R-BASIL" name="www_voxox.NewTest" tests="24" failures="0" timestamp="6 Jan 2014 00:08:16 GMT" time="109.792" errors="0">
  <testcase name="C42105" time="14.243" classname="www_voxox.NewTest"/>
  <testcase name="C42106" time="1.876" classname="www_voxox.NewTest"/>
  <testcase name="C42111" time="1.828" classname="www_voxox.NewTest"/>
  <testcase name="C21203" time="2.166" classname="www_voxox.NewTest"/>
  <testcase name="C42107" time="4.694" classname="www_voxox.NewTest"/>
  <testcase name="C42104" time="2.436" classname="www_voxox.NewTest"/>
  <testcase name="C21204" time="5.168" classname="www_voxox.NewTest"/>
  <testcase name="C21275" time="3.902" classname="www_voxox.NewTest"/>
  <testcase name="C42110" time="1.747" classname="www_voxox.NewTest"/>
  <testcase name="C21271" time="1.777" classname="www_voxox.NewTest"/>
  <testcase name="C42109" time="5.208" classname="www_voxox.NewTest"/>
  <testcase name="C21274" time="2.671" classname="www_voxox.NewTest"/>
  <testcase name="C21254" time="1.751" classname="www_voxox.NewTest"/>
  <testcase name="C21196" time="19.181" classname="www_voxox.NewTest"/>
  <testcase name="C21272" time="1.693" classname="www_voxox.NewTest"/>
  <testcase name="C21202" time="2.794" classname="www_voxox.NewTest"/>
  <testcase name="C21273" time="1.906" classname="www_voxox.NewTest"/>
  <testcase name="C21276" time="14.092" classname="www_voxox.NewTest"/>
  <testcase name="C21278" time="1.774" classname="www_voxox.NewTest"/>
  <testcase name="C21205" time="4.014" classname="www_voxox.NewTest"/>
  <testcase name="C42108" time="6.537" classname="www_voxox.NewTest"/>
  <testcase name="C21279" time="1.710" classname="www_voxox.NewTest"/>
  <testcase name="C21253" time="3.516" classname="www_voxox.NewTest"/>
  <testcase name="C21277" time="3.108" classname="www_voxox.NewTest"/>
</testsuite> <!-- www_voxox.NewTest -->
