<?xml version="1.0" encoding="UTF-8"?>
<!-- Generated by org.testng.reporters.JUnitReportReporter -->
<testsuite hostname="INSP15R-BASIL" name="www.voxox.comTNG.HelpPage" tests="1" failures="0" timestamp="30 Dec 2013 19:05:30 GMT" time="0.000" errors="0">
  <testcase name="f" time="0.000" classname="www.voxox.comTNG.HelpPage"/>
</testsuite> <!-- www.voxox.comTNG.HelpPage -->
