<?xml version="1.0" encoding="UTF-8"?>
<!-- Generated by org.testng.reporters.JUnitReportReporter -->
<testsuite hostname="INSP15R-BASIL" name="www_voxox.BusinessDropDown" tests="7" failures="0" timestamp="4 Feb 2014 23:18:03 GMT" time="39.457" errors="0">
  <testcase name="testC38414" time="5.206" classname="www_voxox.BusinessDropDown"/>
  <testcase name="testC37729" time="5.294" classname="www_voxox.BusinessDropDown"/>
  <testcase name="testC37730" time="4.302" classname="www_voxox.BusinessDropDown"/>
  <testcase name="testC37732" time="4.273" classname="www_voxox.BusinessDropDown"/>
  <testcase name="testC38418" time="5.542" classname="www_voxox.BusinessDropDown"/>
  <testcase name="testC37728" time="10.401" classname="www_voxox.BusinessDropDown"/>
  <testcase name="testC37731" time="4.439" classname="www_voxox.BusinessDropDown"/>
</testsuite> <!-- www_voxox.BusinessDropDown -->
