<?xml version="1.0" encoding="UTF-8"?>
<!-- Generated by org.testng.reporters.JUnitReportReporter -->
<testsuite hostname="INSP15R-BASIL" name="www.voxox.comTNG.PersistentNavigation" tests="25" failures="0" timestamp="30 Dec 2013 19:05:30 GMT" time="192.752" errors="0">
  <testcase name="C39963" time="6.771" classname="www.voxox.comTNG.PersistentNavigation"/>
  <testcase name="testC38423" time="5.401" classname="www.voxox.comTNG.PersistentNavigation"/>
  <testcase name="C39975" time="6.110" classname="www.voxox.comTNG.PersistentNavigation"/>
  <testcase name="C38422" time="5.383" classname="www.voxox.comTNG.PersistentNavigation"/>
  <testcase name="C39972" time="5.327" classname="www.voxox.comTNG.PersistentNavigation"/>
  <testcase name="C38420" time="12.934" classname="www.voxox.comTNG.PersistentNavigation"/>
  <testcase name="C39981" time="6.010" classname="www.voxox.comTNG.PersistentNavigation"/>
  <testcase name="C39969" time="13.783" classname="www.voxox.comTNG.PersistentNavigation"/>
  <testcase name="C39966" time="5.278" classname="www.voxox.comTNG.PersistentNavigation"/>
  <testcase name="C39968" time="7.367" classname="www.voxox.comTNG.PersistentNavigation"/>
  <testcase name="C39978" time="5.419" classname="www.voxox.comTNG.PersistentNavigation"/>
  <testcase name="C39974" time="6.250" classname="www.voxox.comTNG.PersistentNavigation"/>
  <testcase name="C39980" time="5.675" classname="www.voxox.comTNG.PersistentNavigation"/>
  <testcase name="C39973" time="5.939" classname="www.voxox.comTNG.PersistentNavigation"/>
  <testcase name="C39965" time="7.240" classname="www.voxox.comTNG.PersistentNavigation"/>
  <testcase name="C39970" time="6.592" classname="www.voxox.comTNG.PersistentNavigation"/>
  <testcase name="C39976" time="5.423" classname="www.voxox.comTNG.PersistentNavigation"/>
  <testcase name="C38421" time="5.681" classname="www.voxox.comTNG.PersistentNavigation"/>
  <testcase name="testC38419" time="5.378" classname="www.voxox.comTNG.PersistentNavigation"/>
  <testcase name="C39964" time="9.528" classname="www.voxox.comTNG.PersistentNavigation"/>
  <testcase name="C39967" time="33.224" classname="www.voxox.comTNG.PersistentNavigation"/>
  <testcase name="C39971" time="5.849" classname="www.voxox.comTNG.PersistentNavigation"/>
  <testcase name="testC39962" time="5.920" classname="www.voxox.comTNG.PersistentNavigation"/>
  <testcase name="C39979" time="4.943" classname="www.voxox.comTNG.PersistentNavigation"/>
  <testcase name="C39977" time="5.327" classname="www.voxox.comTNG.PersistentNavigation"/>
</testsuite> <!-- www.voxox.comTNG.PersistentNavigation -->
