<?xml version="1.0" encoding="UTF-8"?>
<!-- Generated by org.testng.reporters.JUnitReportReporter -->
<testsuite hostname="INSP15R-BASIL" name="www_voxox.ChannelPartnerForm" tests="3" failures="0" timestamp="4 Feb 2014 23:18:03 GMT" time="31.361" errors="0">
  <testcase name="C21616" time="7.073" classname="www_voxox.ChannelPartnerForm"/>
  <testcase name="C21617" time="7.595" classname="www_voxox.ChannelPartnerForm"/>
  <testcase name="C21615" time="16.693" classname="www_voxox.ChannelPartnerForm"/>
</testsuite> <!-- www_voxox.ChannelPartnerForm -->
