<?xml version="1.0" encoding="UTF-8"?>
<!-- Generated by org.testng.reporters.JUnitReportReporter -->
<testsuite hostname="INSP15R-BASIL" name="www_voxox.Phones_Hardware_Page" tests="1" failures="0" timestamp="10 Feb 2014 21:31:48 GMT" time="14.626" errors="0">
  <testcase name="testUntitled3" time="14.626" classname="www_voxox.Phones_Hardware_Page"/>
</testsuite> <!-- www_voxox.Phones_Hardware_Page -->
