<?xml version="1.0" encoding="UTF-8"?>
<!-- Generated by org.testng.reporters.JUnitReportReporter -->
<testsuite hostname="INSP15R-BASIL" name="www_voxox.Sidebarlinks" tests="6" failures="0" timestamp="10 Feb 2014 23:43:09 GMT" time="39.882" errors="0">
  <testcase name="C37548" time="11.369" classname="www_voxox.Sidebarlinks"/>
  <testcase name="C37552" time="4.181" classname="www_voxox.Sidebarlinks"/>
  <testcase name="C37550" time="6.381" classname="www_voxox.Sidebarlinks"/>
  <testcase name="C37551" time="6.798" classname="www_voxox.Sidebarlinks"/>
  <testcase name="C37553" time="4.530" classname="www_voxox.Sidebarlinks"/>
  <testcase name="C37549" time="6.623" classname="www_voxox.Sidebarlinks"/>
</testsuite> <!-- www_voxox.Sidebarlinks -->
