<?xml version="1.0" encoding="UTF-8"?>
<!-- Generated by org.testng.reporters.JUnitReportReporter -->
<testsuite hostname="INSP15R-BASIL" name="www_voxox.IOSSideBarLinks" tests="13" failures="0" timestamp="12 Feb 2014 00:58:00 GMT" time="82.556" errors="0">
  <testcase name="C37764" time="4.647" classname="www_voxox.IOSSideBarLinks"/>
  <testcase name="C37759" time="5.811" classname="www_voxox.IOSSideBarLinks"/>
  <testcase name="C37761" time="5.233" classname="www_voxox.IOSSideBarLinks"/>
  <testcase name="C37765" time="5.128" classname="www_voxox.IOSSideBarLinks"/>
  <testcase name="C37760" time="5.163" classname="www_voxox.IOSSideBarLinks"/>
  <testcase name="C37763" time="6.096" classname="www_voxox.IOSSideBarLinks"/>
  <testcase name="C37755" time="6.499" classname="www_voxox.IOSSideBarLinks"/>
  <testcase name="C37762" time="5.295" classname="www_voxox.IOSSideBarLinks"/>
  <testcase name="C37757" time="4.893" classname="www_voxox.IOSSideBarLinks"/>
  <testcase name="C37758" time="4.747" classname="www_voxox.IOSSideBarLinks"/>
  <testcase name="C37754" time="5.666" classname="www_voxox.IOSSideBarLinks"/>
  <testcase name="C37756" time="6.018" classname="www_voxox.IOSSideBarLinks"/>
  <testcase name="C37753" time="17.360" classname="www_voxox.IOSSideBarLinks"/>
</testsuite> <!-- www_voxox.IOSSideBarLinks -->
