<?xml version="1.0" encoding="UTF-8"?>
<!-- Generated by org.testng.reporters.JUnitReportReporter -->
<testsuite hostname="INSP15R-BASIL" name="www_voxox.HelpDropDown" tests="4" failures="0" timestamp="4 Feb 2014 23:18:03 GMT" time="23.816" errors="0">
  <testcase name="testC38416" time="4.554" classname="www_voxox.HelpDropDown"/>
  <testcase name="testC37723" time="10.222" classname="www_voxox.HelpDropDown"/>
  <testcase name="testC37725" time="4.843" classname="www_voxox.HelpDropDown"/>
  <testcase name="testC37724" time="4.197" classname="www_voxox.HelpDropDown"/>
</testsuite> <!-- www_voxox.HelpDropDown -->
