<?xml version="1.0" encoding="UTF-8"?>
<!-- Generated by org.testng.reporters.JUnitReportReporter -->
<testsuite hostname="INSP15R-BASIL" name="www_voxox.DownloadPage" tests="5" failures="0" timestamp="11 Feb 2014 05:25:33 GMT" time="32.214" errors="0">
  <testcase name="C37581" time="4.534" classname="www_voxox.DownloadPage"/>
  <testcase name="C37582" time="4.548" classname="www_voxox.DownloadPage"/>
  <testcase name="C37768" time="4.865" classname="www_voxox.DownloadPage"/>
  <testcase name="C37580" time="12.954" classname="www_voxox.DownloadPage"/>
  <testcase name="C37583" time="5.313" classname="www_voxox.DownloadPage"/>
</testsuite> <!-- www_voxox.DownloadPage -->
