<?xml version="1.0" encoding="UTF-8"?>
<!-- Generated by org.testng.reporters.JUnitReportReporter -->
<testsuite hostname="INSP15R-BASIL" name="www_voxox.Add_Ons_Page" tests="2" failures="0" timestamp="10 Feb 2014 21:45:08 GMT" time="17.511" errors="0">
  <testcase name="C21657" time="11.381" classname="www_voxox.Add_Ons_Page"/>
  <testcase name="C21658" time="6.130" classname="www_voxox.Add_Ons_Page"/>
</testsuite> <!-- www_voxox.Add_Ons_Page -->
