<?xml version="1.0" encoding="UTF-8"?>
<!-- Generated by org.testng.reporters.JUnitReportReporter -->
<testsuite hostname="INSP15R-BASIL" name="www_voxox_comTNG.AboutDropDown" tests="6" failures="0" timestamp="3 Jan 2014 17:10:43 GMT" time="55.102" errors="0">
  <testcase name="testC37722" time="7.811" classname="www_voxox_comTNG.AboutDropDown"/>
  <testcase name="C37720" time="20.035" classname="www_voxox_comTNG.AboutDropDown"/>
  <testcase name="C38415" time="5.912" classname="www_voxox_comTNG.AboutDropDown"/>
  <testcase name="C37718" time="13.591" classname="www_voxox_comTNG.AboutDropDown"/>
  <testcase name="C37719" time="3.660" classname="www_voxox_comTNG.AboutDropDown"/>
  <testcase name="testC37721" time="4.093" classname="www_voxox_comTNG.AboutDropDown"/>
</testsuite> <!-- www_voxox_comTNG.AboutDropDown -->
