<?xml version="1.0" encoding="UTF-8"?>
<!-- Generated by org.testng.reporters.JUnitReportReporter -->
<testsuite hostname="INSP15R-BASIL" name="www_voxox.InboundTollFree" tests="2" failures="0" timestamp="8 Jan 2014 00:53:46 GMT" time="18.117" errors="0">
  <testcase name="C38354" time="5.518" classname="www_voxox.InboundTollFree"/>
  <testcase name="C38352" time="12.599" classname="www_voxox.InboundTollFree"/>
</testsuite> <!-- www_voxox.InboundTollFree -->
