<?xml version="1.0" encoding="UTF-8"?>
<!-- Generated by org.testng.reporters.JUnitReportReporter -->
<testsuite hostname="INSP15R-BASIL" name="www_voxox_comTNG.HelpPage" tests="1" failures="0" timestamp="3 Jan 2014 17:10:43 GMT" time="0.001" errors="0">
  <testcase name="f" time="0.001" classname="www_voxox_comTNG.HelpPage"/>
</testsuite> <!-- www_voxox_comTNG.HelpPage -->
