<?xml version="1.0" encoding="UTF-8"?>
<!-- Generated by org.testng.reporters.JUnitReportReporter -->
<testsuite hostname="INSP15R-BASIL" name="www_voxox.AwardsPage" tests="7" failures="0" timestamp="11 Feb 2014 04:47:33 GMT" time="62.308" errors="0">
  <testcase name="C37576" time="7.324" classname="www_voxox.AwardsPage"/>
  <testcase name="C37573" time="10.742" classname="www_voxox.AwardsPage"/>
  <testcase name="C37578" time="4.408" classname="www_voxox.AwardsPage"/>
  <testcase name="C37572" time="15.449" classname="www_voxox.AwardsPage"/>
  <testcase name="C37574" time="11.007" classname="www_voxox.AwardsPage"/>
  <testcase name="C37575" time="8.852" classname="www_voxox.AwardsPage"/>
  <testcase name="C37577" time="4.526" classname="www_voxox.AwardsPage"/>
</testsuite> <!-- www_voxox.AwardsPage -->
