<?xml version="1.0" encoding="UTF-8"?>
<!-- Generated by org.testng.reporters.JUnitReportReporter -->
<testsuite hostname="INSP15R-BASIL" name="www_voxox_comTNG.TourDropdown" tests="2" failures="0" timestamp="3 Jan 2014 17:10:43 GMT" time="16.686" errors="0">
  <testcase name="C38412" time="11.505" classname="www_voxox_comTNG.TourDropdown"/>
  <testcase name="C38413" time="5.181" classname="www_voxox_comTNG.TourDropdown"/>
</testsuite> <!-- www_voxox_comTNG.TourDropdown -->
