<?xml version="1.0" encoding="UTF-8"?>
<!-- Generated by org.testng.reporters.JUnitReportReporter -->
<testsuite hostname="INSP15R-BASIL" name="www_voxox.InboundSideInformation" tests="2" failures="0" timestamp="10 Feb 2014 21:25:50 GMT" time="20.877" errors="0">
  <testcase name="C38377" time="12.730" classname="www_voxox.InboundSideInformation"/>
  <testcase name="C38378" time="8.147" classname="www_voxox.InboundSideInformation"/>
</testsuite> <!-- www_voxox.InboundSideInformation -->
