<?xml version="1.0" encoding="UTF-8"?>
<!-- Generated by org.testng.reporters.JUnitReportReporter -->
<testsuite hostname="INSP15R-BASIL" name="www_voxox_comTNG.PersistentNavigation" tests="25" failures="0" timestamp="3 Jan 2014 17:10:43 GMT" time="178.230" errors="0">
  <testcase name="C38421" time="7.022" classname="www_voxox_comTNG.PersistentNavigation"/>
  <testcase name="C38423" time="6.329" classname="www_voxox_comTNG.PersistentNavigation"/>
  <testcase name="C38420" time="5.480" classname="www_voxox_comTNG.PersistentNavigation"/>
  <testcase name="C39967" time="16.157" classname="www_voxox_comTNG.PersistentNavigation"/>
  <testcase name="C38422" time="5.328" classname="www_voxox_comTNG.PersistentNavigation"/>
  <testcase name="C38419" time="18.061" classname="www_voxox_comTNG.PersistentNavigation"/>
  <testcase name="C39966" time="5.265" classname="www_voxox_comTNG.PersistentNavigation"/>
  <testcase name="C39972" time="5.794" classname="www_voxox_comTNG.PersistentNavigation"/>
  <testcase name="C39981" time="10.152" classname="www_voxox_comTNG.PersistentNavigation"/>
  <testcase name="C39973" time="5.967" classname="www_voxox_comTNG.PersistentNavigation"/>
  <testcase name="C39975" time="6.366" classname="www_voxox_comTNG.PersistentNavigation"/>
  <testcase name="C39978" time="5.381" classname="www_voxox_comTNG.PersistentNavigation"/>
  <testcase name="C39977" time="4.691" classname="www_voxox_comTNG.PersistentNavigation"/>
  <testcase name="C39979" time="4.959" classname="www_voxox_comTNG.PersistentNavigation"/>
  <testcase name="C39964" time="7.920" classname="www_voxox_comTNG.PersistentNavigation"/>
  <testcase name="C39976" time="6.056" classname="www_voxox_comTNG.PersistentNavigation"/>
  <testcase name="C39970" time="5.639" classname="www_voxox_comTNG.PersistentNavigation"/>
  <testcase name="C39963" time="3.403" classname="www_voxox_comTNG.PersistentNavigation"/>
  <testcase name="C39969" time="5.942" classname="www_voxox_comTNG.PersistentNavigation"/>
  <testcase name="C39965" time="10.093" classname="www_voxox_comTNG.PersistentNavigation"/>
  <testcase name="C39968" time="8.170" classname="www_voxox_comTNG.PersistentNavigation"/>
  <testcase name="C39971" time="5.665" classname="www_voxox_comTNG.PersistentNavigation"/>
  <testcase name="C39962" time="7.186" classname="www_voxox_comTNG.PersistentNavigation"/>
  <testcase name="C39980" time="5.520" classname="www_voxox_comTNG.PersistentNavigation"/>
  <testcase name="C39974" time="5.684" classname="www_voxox_comTNG.PersistentNavigation"/>
</testsuite> <!-- www_voxox_comTNG.PersistentNavigation -->
