<?xml version="1.0" encoding="UTF-8"?>
<!-- Generated by org.testng.reporters.JUnitReportReporter -->
<testsuite hostname="INSP15R-BASIL" name="www.voxox.comTNG.HelpDropDown" tests="4" failures="0" timestamp="30 Dec 2013 19:05:30 GMT" time="31.679" errors="0">
  <testcase name="testC37723" time="15.035" classname="www.voxox.comTNG.HelpDropDown"/>
  <testcase name="testC37725" time="5.370" classname="www.voxox.comTNG.HelpDropDown"/>
  <testcase name="testC38416" time="7.037" classname="www.voxox.comTNG.HelpDropDown"/>
  <testcase name="testC37724" time="4.237" classname="www.voxox.comTNG.HelpDropDown"/>
</testsuite> <!-- www.voxox.comTNG.HelpDropDown -->
