<?xml version="1.0" encoding="UTF-8"?>
<!-- Generated by org.testng.reporters.JUnitReportReporter -->
<testsuite hostname="INSP15R-BASIL" name="www_voxox_comTNG.HelpDropDown" tests="4" failures="0" timestamp="3 Jan 2014 17:10:43 GMT" time="26.840" errors="0">
  <testcase name="testC37725" time="5.480" classname="www_voxox_comTNG.HelpDropDown"/>
  <testcase name="testC37723" time="11.235" classname="www_voxox_comTNG.HelpDropDown"/>
  <testcase name="testC37724" time="4.835" classname="www_voxox_comTNG.HelpDropDown"/>
  <testcase name="testC38416" time="5.290" classname="www_voxox_comTNG.HelpDropDown"/>
</testsuite> <!-- www_voxox_comTNG.HelpDropDown -->
