<?xml version="1.0" encoding="UTF-8"?>
<!-- Generated by org.testng.reporters.JUnitReportReporter -->
<testsuite hostname="INSP15R-BASIL" name="www.voxox.comTNG.Header" tests="2" failures="0" timestamp="30 Dec 2013 19:05:30 GMT" time="14.992" errors="0">
  <testcase name="testC21189" time="10.956" classname="www.voxox.comTNG.Header"/>
  <testcase name="testC21195" time="4.036" classname="www.voxox.comTNG.Header"/>
</testsuite> <!-- www.voxox.comTNG.Header -->
