<?xml version="1.0" encoding="UTF-8"?>
<!-- Generated by org.testng.reporters.JUnitReportReporter -->
<testsuite hostname="INSP15R-BASIL" name="www_voxox.AboutPageChrome" tests="1" failures="0" timestamp="18 Mar 2014 17:34:52 GMT" time="17.384" errors="0">
  <testcase name="C21315" time="17.384" classname="www_voxox.AboutPageChrome"/>
</testsuite> <!-- www_voxox.AboutPageChrome -->
