<?xml version="1.0" encoding="UTF-8"?>
<!-- Generated by org.testng.reporters.JUnitReportReporter -->
<testsuite hostname="INSP15R-BASIL" name="www_voxox.DownloadIOSForm" tests="1" failures="0" timestamp="11 Feb 2014 06:28:51 GMT" time="14.068" errors="0">
  <testcase name="C37787" time="14.068" classname="www_voxox.DownloadIOSForm"/>
</testsuite> <!-- www_voxox.DownloadIOSForm -->
