<?xml version="1.0" encoding="UTF-8"?>
<!-- Generated by org.testng.reporters.JUnitReportReporter -->
<testsuite hostname="INSP15R-BASIL" name="www.voxox.comTNG.PartnersDropDown" tests="3" failures="0" timestamp="30 Dec 2013 19:05:30 GMT" time="32.652" errors="0">
  <testcase name="testC38417" time="5.510" classname="www.voxox.comTNG.PartnersDropDown"/>
  <testcase name="testC37726" time="15.178" classname="www.voxox.comTNG.PartnersDropDown"/>
  <testcase name="testC37727" time="11.964" classname="www.voxox.comTNG.PartnersDropDown"/>
</testsuite> <!-- www.voxox.comTNG.PartnersDropDown -->
