<?xml version="1.0" encoding="UTF-8"?>
<!-- Generated by org.testng.reporters.JUnitReportReporter -->
<testsuite hostname="INSP15R-BASIL" name="www_voxox.SMSSolutions" tests="2" failures="0" timestamp="4 Feb 2014 23:18:03 GMT" time="22.809" errors="0">
  <testcase name="C37912" time="9.296" classname="www_voxox.SMSSolutions"/>
  <testcase name="C37911" time="13.513" classname="www_voxox.SMSSolutions"/>
</testsuite> <!-- www_voxox.SMSSolutions -->
