<?xml version="1.0" encoding="UTF-8"?>
<!-- Generated by org.testng.reporters.JUnitReportReporter -->
<testsuite hostname="INSP15R-BASIL" name="www_voxox.Footer" tests="29" failures="0" timestamp="12 Feb 2014 21:17:20 GMT" time="169.026" errors="0">
  <testcase name="C37602" time="5.316" classname="www_voxox.Footer"/>
  <testcase name="C37622" time="4.273" classname="www_voxox.Footer"/>
  <testcase name="C37610" time="8.101" classname="www_voxox.Footer"/>
  <testcase name="C37605" time="4.416" classname="www_voxox.Footer"/>
  <testcase name="C37600" time="4.487" classname="www_voxox.Footer"/>
  <testcase name="C37623" time="3.962" classname="www_voxox.Footer"/>
  <testcase name="C37616" time="4.134" classname="www_voxox.Footer"/>
  <testcase name="C37620" time="4.421" classname="www_voxox.Footer"/>
  <testcase name="C37615" time="3.960" classname="www_voxox.Footer"/>
  <testcase name="C37619" time="5.047" classname="www_voxox.Footer"/>
  <testcase name="C37618" time="4.974" classname="www_voxox.Footer"/>
  <testcase name="C37609" time="4.385" classname="www_voxox.Footer"/>
  <testcase name="C37607" time="2.633" classname="www_voxox.Footer"/>
  <testcase name="C37594" time="10.656" classname="www_voxox.Footer"/>
  <testcase name="C37596" time="6.690" classname="www_voxox.Footer"/>
  <testcase name="C37599" time="4.314" classname="www_voxox.Footer"/>
  <testcase name="C37621" time="4.915" classname="www_voxox.Footer"/>
  <testcase name="C37611" time="6.096" classname="www_voxox.Footer"/>
  <testcase name="C37597" time="8.093" classname="www_voxox.Footer"/>
  <testcase name="C37603" time="23.650" classname="www_voxox.Footer"/>
  <testcase name="C37604" time="6.299" classname="www_voxox.Footer"/>
  <testcase name="C37608" time="2.077" classname="www_voxox.Footer"/>
  <testcase name="C37598" time="10.598" classname="www_voxox.Footer"/>
  <testcase name="C37601" time="5.269" classname="www_voxox.Footer"/>
  <testcase name="C37617" time="3.841" classname="www_voxox.Footer"/>
  <testcase name="C37595" time="2.394" classname="www_voxox.Footer"/>
  <testcase name="C37613" time="4.052" classname="www_voxox.Footer"/>
  <testcase name="C37614" time="4.276" classname="www_voxox.Footer"/>
  <testcase name="C37606" time="5.697" classname="www_voxox.Footer"/>
</testsuite> <!-- www_voxox.Footer -->
